# JRE version: Java(TM) SE Runtime Environment (8.0_351-b10) (build 1.8.0_351-b10)
# Java VM: Java HotSpot(TM) Client VM (25.351-b10 mixed mode windows-x86 )
Heap:
 def new generation   total 145856K, used 87471K [0x04600000, 0x0e440000, 0x0f0a0000)
  eden space 129664K,  67% used [0x04600000, 0x09b6bd18, 0x0c4a0000)
  from space 16192K,   0% used [0x0c4a0000, 0x0c4a0000, 0x0d470000)
  to   space 16192K,   0% used [0x0d470000, 0x0d470000, 0x0e440000)
 tenured generation   total 324056K, used 194431K [0x0f0a0000, 0x22d16000, 0x24600000)
   the space 324056K,  59% used [0x0f0a0000, 0x1ae7fff8, 0x1ae80000, 0x22d16000)
 Metaspace       used 13011K, capacity 13720K, committed 13824K, reserved 14720K
GC Heap History (10 events):
Event: 10.868 GC heap before
{Heap before GC invocations=16 (full 4):
 def new generation   total 37824K, used 33664K [0x04600000, 0x06f00000, 0x0f0a0000)
  eden space 33664K, 100% used [0x04600000, 0x066e0000, 0x066e0000)
  from space 4160K,   0% used [0x066e0000, 0x066e0000, 0x06af0000)
  to   space 4160K,   0% used [0x06af0000, 0x06af0000, 0x06f00000)
 tenured generation   total 83812K, used 50285K [0x0f0a0000, 0x14279000, 0x24600000)
   the space 83812K,  59% used [0x0f0a0000, 0x121bb618, 0x121bb800, 0x14279000)
 Metaspace       used 12275K, capacity 12843K, committed 12928K, reserved 13696K
Event: 10.881 GC heap after
Heap after GC invocations=17 (full 4):
 def new generation   total 37824K, used 4160K [0x04600000, 0x06f00000, 0x0f0a0000)
  eden space 33664K,   0% used [0x04600000, 0x04600000, 0x066e0000)
  from space 4160K, 100% used [0x06af0000, 0x06f00000, 0x06f00000)
  to   space 4160K,   0% used [0x066e0000, 0x066e0000, 0x06af0000)
 tenured generation   total 83812K, used 75453K [0x0f0a0000, 0x14279000, 0x24600000)
   the space 83812K,  90% used [0x0f0a0000, 0x13a4f7c0, 0x13a4f800, 0x14279000)
 Metaspace       used 12275K, capacity 12843K, committed 12928K, reserved 13696K
}
Event: 12.671 GC heap before
{Heap before GC invocations=17 (full 4):
 def new generation   total 37824K, used 37494K [0x04600000, 0x06f00000, 0x0f0a0000)
  eden space 33664K,  99% used [0x04600000, 0x0668daa0, 0x066e0000)
  from space 4160K, 100% used [0x06af0000, 0x06f00000, 0x06f00000)
  to   space 4160K,   0% used [0x066e0000, 0x066e0000, 0x06af0000)
 tenured generation   total 83812K, used 75453K [0x0f0a0000, 0x14279000, 0x24600000)
   the space 83812K,  90% used [0x0f0a0000, 0x13a4f7c0, 0x13a4f800, 0x14279000)
 Metaspace       used 12392K, capacity 12984K, committed 13056K, reserved 13696K
Event: 12.697 GC heap after
Heap after GC invocations=18 (full 5):
 def new generation   total 76800K, used 3684K [0x04600000, 0x09950000, 0x0f0a0000)
  eden space 68288K,   5% used [0x04600000, 0x04999378, 0x088b0000)
  from space 8512K,   0% used [0x088b0000, 0x088b0000, 0x09100000)
  to   space 8512K,   0% used [0x09100000, 0x09100000, 0x09950000)
 tenured generation   total 170540K, used 102323K [0x0f0a0000, 0x1972b000, 0x24600000)
   the space 170540K,  59% used [0x0f0a0000, 0x1548cdd8, 0x1548ce00, 0x1972b000)
 Metaspace       used 12392K, capacity 12984K, committed 13056K, reserved 13696K
}
Event: 13.115 GC heap before
{Heap before GC invocations=18 (full 5):
 def new generation   total 76800K, used 68288K [0x04600000, 0x09950000, 0x0f0a0000)
  eden space 68288K, 100% used [0x04600000, 0x088b0000, 0x088b0000)
  from space 8512K,   0% used [0x088b0000, 0x088b0000, 0x09100000)
  to   space 8512K,   0% used [0x09100000, 0x09100000, 0x09950000)
 tenured generation   total 170540K, used 102323K [0x0f0a0000, 0x1972b000, 0x24600000)
   the space 170540K,  59% used [0x0f0a0000, 0x1548cdd8, 0x1548ce00, 0x1972b000)
 Metaspace       used 12584K, capacity 13216K, committed 13312K, reserved 13696K
Event: 13.132 GC heap after
Heap after GC invocations=19 (full 5):
 def new generation   total 76800K, used 8512K [0x04600000, 0x09950000, 0x0f0a0000)
  eden space 68288K,   0% used [0x04600000, 0x04600000, 0x088b0000)
  from space 8512K, 100% used [0x09100000, 0x09950000, 0x09950000)
  to   space 8512K,   0% used [0x088b0000, 0x088b0000, 0x09100000)
 tenured generation   total 170540K, used 133578K [0x0f0a0000, 0x1972b000, 0x24600000)
   the space 170540K,  78% used [0x0f0a0000, 0x17312ae8, 0x17312c00, 0x1972b000)
 Metaspace       used 12584K, capacity 13216K, committed 13312K, reserved 13696K
}
Event: 13.534 GC heap before
{Heap before GC invocations=19 (full 5):
 def new generation   total 76800K, used 76539K [0x04600000, 0x09950000, 0x0f0a0000)
  eden space 68288K,  99% used [0x04600000, 0x0886ec78, 0x088b0000)
  from space 8512K, 100% used [0x09100000, 0x09950000, 0x09950000)
  to   space 8512K,   0% used [0x088b0000, 0x088b0000, 0x09100000)
 tenured generation   total 170540K, used 133578K [0x0f0a0000, 0x1972b000, 0x24600000)
   the space 170540K,  78% used [0x0f0a0000, 0x17312ae8, 0x17312c00, 0x1972b000)
 Metaspace       used 12624K, capacity 13268K, committed 13312K, reserved 13696K
Event: 13.551 GC heap after
Heap after GC invocations=20 (full 5):
 def new generation   total 76800K, used 8512K [0x04600000, 0x09950000, 0x0f0a0000)
  eden space 68288K,   0% used [0x04600000, 0x04600000, 0x088b0000)
  from space 8512K, 100% used [0x088b0000, 0x09100000, 0x09100000)
  to   space 8512K,   0% used [0x09100000, 0x09100000, 0x09950000)
 tenured generation   total 170540K, used 167520K [0x0f0a0000, 0x1972b000, 0x24600000)
   the space 170540K,  98% used [0x0f0a0000, 0x194382b8, 0x19438400, 0x1972b000)
 Metaspace       used 12624K, capacity 13268K, committed 13312K, reserved 13696K
}
Event: 20.025 GC heap before
{Heap before GC invocations=20 (full 5):
 def new generation   total 76800K, used 76800K [0x04600000, 0x09950000, 0x0f0a0000)
  eden space 68288K, 100% used [0x04600000, 0x088b0000, 0x088b0000)
  from space 8512K, 100% used [0x088b0000, 0x09100000, 0x09100000)
  to   space 8512K,   0% used [0x09100000, 0x09100000, 0x09950000)
 tenured generation   total 170540K, used 167520K [0x0f0a0000, 0x1972b000, 0x24600000)
   the space 170540K,  98% used [0x0f0a0000, 0x194382b8, 0x19438400, 0x1972b000)
 Metaspace       used 12863K, capacity 13565K, committed 13568K, reserved 13696K
Event: 20.061 GC heap after
Heap after GC invocations=21 (full 6):
 def new generation   total 145856K, used 8425K [0x04600000, 0x0e440000, 0x0f0a0000)
  eden space 129664K,   6% used [0x04600000, 0x04e3a450, 0x0c4a0000)
  from space 16192K,   0% used [0x0c4a0000, 0x0c4a0000, 0x0d470000)
  to   space 16192K,   0% used [0x0d470000, 0x0d470000, 0x0e440000)
 tenured generation   total 324056K, used 194431K [0x0f0a0000, 0x22d16000, 0x24600000)
   the space 324056K,  59% used [0x0f0a0000, 0x1ae7fff8, 0x1ae80000, 0x22d16000)
 Metaspace       used 12863K, capacity 13565K, committed 13568K, reserved 13696K
}

